[debug] [2025-06-11T23:41:57.949Z] ----------------------------------------------------------------------
[debug] [2025-06-11T23:41:57.953Z] Command:       C:\Program Files\nodejs\node.exe C:\Users\yuval\AppData\Roaming\npm\node_modules\firebase-tools\lib\bin\firebase.js init
[debug] [2025-06-11T23:41:57.954Z] CLI Version:   14.6.0
[debug] [2025-06-11T23:41:57.954Z] Platform:      win32
[debug] [2025-06-11T23:41:57.954Z] Node Version:  v22.16.0
[debug] [2025-06-11T23:41:57.955Z] Time:          Thu Jun 12 2025 01:41:57 GMT+0200 (Central European Summer Time)
[debug] [2025-06-11T23:41:57.955Z] ----------------------------------------------------------------------
[debug] 
[debug] [2025-06-11T23:41:57.962Z] > command requires scopes: ["email","openid","https://www.googleapis.com/auth/cloudplatformprojects.readonly","https://www.googleapis.com/auth/firebase","https://www.googleapis.com/auth/cloud-platform"]
[debug] [2025-06-11T23:41:57.962Z] > authorizing via signed-in user (yuvalf14@gmail.com)
[info] 
     ######## #### ########  ######## ########     ###     ######  ########
     ##        ##  ##     ## ##       ##     ##  ##   ##  ##       ##
     ######    ##  ########  ######   ########  #########  ######  ######
     ##        ##  ##    ##  ##       ##     ## ##     ##       ## ##
     ##       #### ##     ## ######## ########  ##     ##  ######  ########

You're about to initialize a Firebase project in this directory:

  C:\Users\yuval\Daybreak

[info] 
=== Project Setup
[info] 
[info] First, let's associate this project directory with a Firebase project.
[info] You can create multiple project aliases by running firebase use --add, 
[info] but for now we'll just set up a default project.
[info] 
[debug] [2025-06-11T23:42:12.075Z] Checked if tokens are valid: true, expires at: 1749688867964
[debug] [2025-06-11T23:42:12.075Z] Checked if tokens are valid: true, expires at: 1749688867964
[debug] [2025-06-11T23:42:12.076Z] >>> [apiv2][query] GET https://firebase.googleapis.com/v1beta1/projects pageSize=100
[debug] [2025-06-11T23:42:12.592Z] <<< [apiv2][status] GET https://firebase.googleapis.com/v1beta1/projects 200
[debug] [2025-06-11T23:42:12.593Z] <<< [apiv2][body] GET https://firebase.googleapis.com/v1beta1/projects [omitted]
[info] i  Using project daybreak-3979a (DAYBREAK) 
[info] 
=== Dataconnect Setup
[debug] [2025-06-11T23:42:15.537Z] Checked if tokens are valid: true, expires at: 1749688867964
[debug] [2025-06-11T23:42:15.537Z] Checked if tokens are valid: true, expires at: 1749688867964
[debug] [2025-06-11T23:42:15.537Z] >>> [apiv2][query] GET https://cloudbilling.googleapis.com/v1/projects/daybreak-3979a/billingInfo [none]
[debug] [2025-06-11T23:42:16.258Z] <<< [apiv2][status] GET https://cloudbilling.googleapis.com/v1/projects/daybreak-3979a/billingInfo 200
[debug] [2025-06-11T23:42:16.258Z] <<< [apiv2][body] GET https://cloudbilling.googleapis.com/v1/projects/daybreak-3979a/billingInfo {"name":"projects/daybreak-3979a/billingInfo","projectId":"daybreak-3979a","billingAccountName":"billingAccounts/017F98-0CCCD5-F9CE7D","billingEnabled":true}
[info] i  dataconnect: ensuring required API firebasedataconnect.googleapis.com is enabled... 
[debug] [2025-06-11T23:42:16.260Z] Checked if tokens are valid: true, expires at: 1749688867964
[debug] [2025-06-11T23:42:16.261Z] Checked if tokens are valid: true, expires at: 1749688867964
[debug] [2025-06-11T23:42:16.261Z] >>> [apiv2][query] GET https://serviceusage.googleapis.com/v1/projects/daybreak-3979a/services/firebasedataconnect.googleapis.com [none]
[debug] [2025-06-11T23:42:16.261Z] >>> [apiv2][(partial)header] GET https://serviceusage.googleapis.com/v1/projects/daybreak-3979a/services/firebasedataconnect.googleapis.com x-goog-quota-user=projects/daybreak-3979a
[debug] [2025-06-11T23:42:17.254Z] <<< [apiv2][status] GET https://serviceusage.googleapis.com/v1/projects/daybreak-3979a/services/firebasedataconnect.googleapis.com 200
[debug] [2025-06-11T23:42:17.254Z] <<< [apiv2][body] GET https://serviceusage.googleapis.com/v1/projects/daybreak-3979a/services/firebasedataconnect.googleapis.com [omitted]
[warn] !  dataconnect: missing required API firebasedataconnect.googleapis.com. Enabling now... 
[debug] [2025-06-11T23:42:17.256Z] Checked if tokens are valid: true, expires at: 1749688867964
[debug] [2025-06-11T23:42:17.256Z] Checked if tokens are valid: true, expires at: 1749688867964
[debug] [2025-06-11T23:42:17.257Z] >>> [apiv2][query] POST https://serviceusage.googleapis.com/v1/projects/daybreak-3979a/services/firebasedataconnect.googleapis.com:enable [none]
[debug] [2025-06-11T23:42:17.257Z] >>> [apiv2][(partial)header] POST https://serviceusage.googleapis.com/v1/projects/daybreak-3979a/services/firebasedataconnect.googleapis.com:enable x-goog-quota-user=projects/daybreak-3979a
[debug] [2025-06-11T23:42:18.531Z] <<< [apiv2][status] POST https://serviceusage.googleapis.com/v1/projects/daybreak-3979a/services/firebasedataconnect.googleapis.com:enable 200
[debug] [2025-06-11T23:42:18.532Z] <<< [apiv2][body] POST https://serviceusage.googleapis.com/v1/projects/daybreak-3979a/services/firebasedataconnect.googleapis.com:enable [omitted]
[debug] [2025-06-11T23:42:28.537Z] Checked if tokens are valid: true, expires at: 1749688867964
[debug] [2025-06-11T23:42:28.537Z] Checked if tokens are valid: true, expires at: 1749688867964
[debug] [2025-06-11T23:42:28.538Z] >>> [apiv2][query] GET https://serviceusage.googleapis.com/v1/projects/daybreak-3979a/services/firebasedataconnect.googleapis.com [none]
[debug] [2025-06-11T23:42:28.538Z] >>> [apiv2][(partial)header] GET https://serviceusage.googleapis.com/v1/projects/daybreak-3979a/services/firebasedataconnect.googleapis.com x-goog-quota-user=projects/daybreak-3979a
[debug] [2025-06-11T23:42:29.436Z] <<< [apiv2][status] GET https://serviceusage.googleapis.com/v1/projects/daybreak-3979a/services/firebasedataconnect.googleapis.com 200
[debug] [2025-06-11T23:42:29.436Z] <<< [apiv2][body] GET https://serviceusage.googleapis.com/v1/projects/daybreak-3979a/services/firebasedataconnect.googleapis.com [omitted]
[info] +  dataconnect: required API firebasedataconnect.googleapis.com is enabled 
[info] i  dataconnect: ensuring required API sqladmin.googleapis.com is enabled... 
[debug] [2025-06-11T23:42:29.443Z] Checked if tokens are valid: true, expires at: 1749688867964
[debug] [2025-06-11T23:42:29.444Z] Checked if tokens are valid: true, expires at: 1749688867964
[debug] [2025-06-11T23:42:29.444Z] >>> [apiv2][query] GET https://serviceusage.googleapis.com/v1/projects/daybreak-3979a/services/sqladmin.googleapis.com [none]
[debug] [2025-06-11T23:42:29.444Z] >>> [apiv2][(partial)header] GET https://serviceusage.googleapis.com/v1/projects/daybreak-3979a/services/sqladmin.googleapis.com x-goog-quota-user=projects/daybreak-3979a
[debug] [2025-06-11T23:42:29.778Z] <<< [apiv2][status] GET https://serviceusage.googleapis.com/v1/projects/daybreak-3979a/services/sqladmin.googleapis.com 200
[debug] [2025-06-11T23:42:29.778Z] <<< [apiv2][body] GET https://serviceusage.googleapis.com/v1/projects/daybreak-3979a/services/sqladmin.googleapis.com [omitted]
[warn] !  dataconnect: missing required API sqladmin.googleapis.com. Enabling now... 
[debug] [2025-06-11T23:42:29.779Z] Checked if tokens are valid: true, expires at: 1749688867964
[debug] [2025-06-11T23:42:29.780Z] Checked if tokens are valid: true, expires at: 1749688867964
[debug] [2025-06-11T23:42:29.780Z] >>> [apiv2][query] POST https://serviceusage.googleapis.com/v1/projects/daybreak-3979a/services/sqladmin.googleapis.com:enable [none]
[debug] [2025-06-11T23:42:29.780Z] >>> [apiv2][(partial)header] POST https://serviceusage.googleapis.com/v1/projects/daybreak-3979a/services/sqladmin.googleapis.com:enable x-goog-quota-user=projects/daybreak-3979a
[debug] [2025-06-11T23:42:30.942Z] <<< [apiv2][status] POST https://serviceusage.googleapis.com/v1/projects/daybreak-3979a/services/sqladmin.googleapis.com:enable 200
[debug] [2025-06-11T23:42:30.942Z] <<< [apiv2][body] POST https://serviceusage.googleapis.com/v1/projects/daybreak-3979a/services/sqladmin.googleapis.com:enable [omitted]
[debug] [2025-06-11T23:42:40.953Z] Checked if tokens are valid: true, expires at: 1749688867964
[debug] [2025-06-11T23:42:40.953Z] Checked if tokens are valid: true, expires at: 1749688867964
[debug] [2025-06-11T23:42:40.954Z] >>> [apiv2][query] GET https://serviceusage.googleapis.com/v1/projects/daybreak-3979a/services/sqladmin.googleapis.com [none]
[debug] [2025-06-11T23:42:40.954Z] >>> [apiv2][(partial)header] GET https://serviceusage.googleapis.com/v1/projects/daybreak-3979a/services/sqladmin.googleapis.com x-goog-quota-user=projects/daybreak-3979a
[debug] [2025-06-11T23:42:41.857Z] <<< [apiv2][status] GET https://serviceusage.googleapis.com/v1/projects/daybreak-3979a/services/sqladmin.googleapis.com 200
[debug] [2025-06-11T23:42:41.857Z] <<< [apiv2][body] GET https://serviceusage.googleapis.com/v1/projects/daybreak-3979a/services/sqladmin.googleapis.com [omitted]
[info] +  dataconnect: required API sqladmin.googleapis.com is enabled 
[info] i  dataconnect: ensuring required API compute.googleapis.com is enabled... 
[debug] [2025-06-11T23:42:41.861Z] Checked if tokens are valid: true, expires at: 1749688867964
[debug] [2025-06-11T23:42:41.861Z] Checked if tokens are valid: true, expires at: 1749688867964
[debug] [2025-06-11T23:42:41.861Z] >>> [apiv2][query] GET https://serviceusage.googleapis.com/v1/projects/daybreak-3979a/services/compute.googleapis.com [none]
[debug] [2025-06-11T23:42:41.862Z] >>> [apiv2][(partial)header] GET https://serviceusage.googleapis.com/v1/projects/daybreak-3979a/services/compute.googleapis.com x-goog-quota-user=projects/daybreak-3979a
[debug] [2025-06-11T23:42:42.533Z] <<< [apiv2][status] GET https://serviceusage.googleapis.com/v1/projects/daybreak-3979a/services/compute.googleapis.com 200
[debug] [2025-06-11T23:42:42.534Z] <<< [apiv2][body] GET https://serviceusage.googleapis.com/v1/projects/daybreak-3979a/services/compute.googleapis.com [omitted]
[warn] !  dataconnect: missing required API compute.googleapis.com. Enabling now... 
[debug] [2025-06-11T23:42:42.534Z] Checked if tokens are valid: true, expires at: 1749688867964
[debug] [2025-06-11T23:42:42.534Z] Checked if tokens are valid: true, expires at: 1749688867964
[debug] [2025-06-11T23:42:42.534Z] >>> [apiv2][query] POST https://serviceusage.googleapis.com/v1/projects/daybreak-3979a/services/compute.googleapis.com:enable [none]
[debug] [2025-06-11T23:42:42.534Z] >>> [apiv2][(partial)header] POST https://serviceusage.googleapis.com/v1/projects/daybreak-3979a/services/compute.googleapis.com:enable x-goog-quota-user=projects/daybreak-3979a
[debug] [2025-06-11T23:42:43.408Z] <<< [apiv2][status] POST https://serviceusage.googleapis.com/v1/projects/daybreak-3979a/services/compute.googleapis.com:enable 200
[debug] [2025-06-11T23:42:43.408Z] <<< [apiv2][body] POST https://serviceusage.googleapis.com/v1/projects/daybreak-3979a/services/compute.googleapis.com:enable [omitted]
[debug] [2025-06-11T23:42:53.416Z] Checked if tokens are valid: true, expires at: 1749688867964
[debug] [2025-06-11T23:42:53.416Z] Checked if tokens are valid: true, expires at: 1749688867964
[debug] [2025-06-11T23:42:53.417Z] >>> [apiv2][query] GET https://serviceusage.googleapis.com/v1/projects/daybreak-3979a/services/compute.googleapis.com [none]
[debug] [2025-06-11T23:42:53.417Z] >>> [apiv2][(partial)header] GET https://serviceusage.googleapis.com/v1/projects/daybreak-3979a/services/compute.googleapis.com x-goog-quota-user=projects/daybreak-3979a
[debug] [2025-06-11T23:42:54.550Z] <<< [apiv2][status] GET https://serviceusage.googleapis.com/v1/projects/daybreak-3979a/services/compute.googleapis.com 200
[debug] [2025-06-11T23:42:54.550Z] <<< [apiv2][body] GET https://serviceusage.googleapis.com/v1/projects/daybreak-3979a/services/compute.googleapis.com [omitted]
[info] i  dataconnect: waiting for API compute.googleapis.com to activate... 
[debug] [2025-06-11T23:43:04.567Z] Checked if tokens are valid: true, expires at: 1749688867964
[debug] [2025-06-11T23:43:04.568Z] Checked if tokens are valid: true, expires at: 1749688867964
[debug] [2025-06-11T23:43:04.568Z] >>> [apiv2][query] GET https://serviceusage.googleapis.com/v1/projects/daybreak-3979a/services/compute.googleapis.com [none]
[debug] [2025-06-11T23:43:04.568Z] >>> [apiv2][(partial)header] GET https://serviceusage.googleapis.com/v1/projects/daybreak-3979a/services/compute.googleapis.com x-goog-quota-user=projects/daybreak-3979a
[debug] [2025-06-11T23:43:05.783Z] <<< [apiv2][status] GET https://serviceusage.googleapis.com/v1/projects/daybreak-3979a/services/compute.googleapis.com 200
[debug] [2025-06-11T23:43:05.784Z] <<< [apiv2][body] GET https://serviceusage.googleapis.com/v1/projects/daybreak-3979a/services/compute.googleapis.com [omitted]
[info] i  dataconnect: waiting for API compute.googleapis.com to activate... 
[debug] [2025-06-11T23:43:15.801Z] Checked if tokens are valid: true, expires at: 1749688867964
[debug] [2025-06-11T23:43:15.801Z] Checked if tokens are valid: true, expires at: 1749688867964
[debug] [2025-06-11T23:43:15.802Z] >>> [apiv2][query] GET https://serviceusage.googleapis.com/v1/projects/daybreak-3979a/services/compute.googleapis.com [none]
[debug] [2025-06-11T23:43:15.802Z] >>> [apiv2][(partial)header] GET https://serviceusage.googleapis.com/v1/projects/daybreak-3979a/services/compute.googleapis.com x-goog-quota-user=projects/daybreak-3979a
[debug] [2025-06-11T23:43:16.998Z] <<< [apiv2][status] GET https://serviceusage.googleapis.com/v1/projects/daybreak-3979a/services/compute.googleapis.com 200
[debug] [2025-06-11T23:43:16.999Z] <<< [apiv2][body] GET https://serviceusage.googleapis.com/v1/projects/daybreak-3979a/services/compute.googleapis.com [omitted]
[info] i  dataconnect: waiting for API compute.googleapis.com to activate... 
[debug] [2025-06-11T23:43:27.002Z] Checked if tokens are valid: true, expires at: 1749688867964
[debug] [2025-06-11T23:43:27.003Z] Checked if tokens are valid: true, expires at: 1749688867964
[debug] [2025-06-11T23:43:27.003Z] >>> [apiv2][query] GET https://serviceusage.googleapis.com/v1/projects/daybreak-3979a/services/compute.googleapis.com [none]
[debug] [2025-06-11T23:43:27.004Z] >>> [apiv2][(partial)header] GET https://serviceusage.googleapis.com/v1/projects/daybreak-3979a/services/compute.googleapis.com x-goog-quota-user=projects/daybreak-3979a
[debug] [2025-06-11T23:43:28.297Z] <<< [apiv2][status] GET https://serviceusage.googleapis.com/v1/projects/daybreak-3979a/services/compute.googleapis.com 200
[debug] [2025-06-11T23:43:28.297Z] <<< [apiv2][body] GET https://serviceusage.googleapis.com/v1/projects/daybreak-3979a/services/compute.googleapis.com [omitted]
[info] i  dataconnect: waiting for API compute.googleapis.com to activate... 
[debug] [2025-06-11T23:43:38.302Z] Checked if tokens are valid: true, expires at: 1749688867964
[debug] [2025-06-11T23:43:38.303Z] Checked if tokens are valid: true, expires at: 1749688867964
[debug] [2025-06-11T23:43:38.303Z] >>> [apiv2][query] GET https://serviceusage.googleapis.com/v1/projects/daybreak-3979a/services/compute.googleapis.com [none]
[debug] [2025-06-11T23:43:38.303Z] >>> [apiv2][(partial)header] GET https://serviceusage.googleapis.com/v1/projects/daybreak-3979a/services/compute.googleapis.com x-goog-quota-user=projects/daybreak-3979a
[debug] [2025-06-11T23:43:39.479Z] <<< [apiv2][status] GET https://serviceusage.googleapis.com/v1/projects/daybreak-3979a/services/compute.googleapis.com 200
[debug] [2025-06-11T23:43:39.480Z] <<< [apiv2][body] GET https://serviceusage.googleapis.com/v1/projects/daybreak-3979a/services/compute.googleapis.com [omitted]
[info] +  dataconnect: required API compute.googleapis.com is enabled 
[debug] [2025-06-11T23:43:39.487Z] Checked if tokens are valid: true, expires at: 1749688867964
[debug] [2025-06-11T23:43:39.487Z] Checked if tokens are valid: true, expires at: 1749688867964
[debug] [2025-06-11T23:43:39.487Z] >>> [apiv2][query] GET https://firebasedataconnect.googleapis.com/v1/projects/daybreak-3979a/locations/-/services [none]
[debug] [2025-06-11T23:43:40.595Z] <<< [apiv2][status] GET https://firebasedataconnect.googleapis.com/v1/projects/daybreak-3979a/locations/-/services 200
[debug] [2025-06-11T23:43:40.596Z] <<< [apiv2][body] GET https://firebasedataconnect.googleapis.com/v1/projects/daybreak-3979a/locations/-/services {}
[debug] [2025-06-11T23:43:51.948Z] Checked if tokens are valid: true, expires at: 1749688867964
[debug] [2025-06-11T23:43:51.948Z] Checked if tokens are valid: true, expires at: 1749688867964
[debug] [2025-06-11T23:43:51.948Z] >>> [apiv2][query] GET https://sqladmin.googleapis.com/v1/projects/daybreak-3979a/instances [none]
[debug] [2025-06-11T23:43:52.432Z] <<< [apiv2][status] GET https://sqladmin.googleapis.com/v1/projects/daybreak-3979a/instances 200
[debug] [2025-06-11T23:43:52.433Z] <<< [apiv2][body] GET https://sqladmin.googleapis.com/v1/projects/daybreak-3979a/instances {}
[debug] [2025-06-11T23:43:53.939Z] Checked if tokens are valid: true, expires at: 1749688867964
[debug] [2025-06-11T23:43:53.939Z] Checked if tokens are valid: true, expires at: 1749688867964
[debug] [2025-06-11T23:43:53.939Z] >>> [apiv2][query] GET https://firebasedataconnect.googleapis.com/v1/projects/daybreak-3979a/locations [none]
[debug] [2025-06-11T23:43:54.741Z] <<< [apiv2][status] GET https://firebasedataconnect.googleapis.com/v1/projects/daybreak-3979a/locations 200
[debug] [2025-06-11T23:43:54.741Z] <<< [apiv2][body] GET https://firebasedataconnect.googleapis.com/v1/projects/daybreak-3979a/locations {"locations":[{"name":"projects/daybreak-3979a/locations/asia-east1","locationId":"asia-east1","displayName":"Taiwan"},{"name":"projects/daybreak-3979a/locations/asia-east2","locationId":"asia-east2","displayName":"Hong Kong"},{"name":"projects/daybreak-3979a/locations/asia-northeast1","locationId":"asia-northeast1","displayName":"Tokyo"},{"name":"projects/daybreak-3979a/locations/asia-northeast2","locationId":"asia-northeast2","displayName":"Osaka"},{"name":"projects/daybreak-3979a/locations/asia-northeast3","locationId":"asia-northeast3","displayName":"Seoul"},{"name":"projects/daybreak-3979a/locations/asia-south1","locationId":"asia-south1","displayName":"Mumbai"},{"name":"projects/daybreak-3979a/locations/asia-southeast1","locationId":"asia-southeast1","displayName":"Singapore"},{"name":"projects/daybreak-3979a/locations/asia-southeast2","locationId":"asia-southeast2","displayName":"Jakarta"},{"name":"projects/daybreak-3979a/locations/australia-southeast1","locationId":"australia-southeast1","displayName":"Sydney"},{"name":"projects/daybreak-3979a/locations/australia-southeast2","locationId":"australia-southeast2","displayName":"Melbourne"},{"name":"projects/daybreak-3979a/locations/europe-central2","locationId":"europe-central2","displayName":"Warsaw"},{"name":"projects/daybreak-3979a/locations/europe-north1","locationId":"europe-north1","displayName":"Finland"},{"name":"projects/daybreak-3979a/locations/europe-southwest1","locationId":"europe-southwest1","displayName":"Madrid"},{"name":"projects/daybreak-3979a/locations/europe-west1","locationId":"europe-west1","displayName":"Belgium"},{"name":"projects/daybreak-3979a/locations/europe-west2","locationId":"europe-west2","displayName":"London"},{"name":"projects/daybreak-3979a/locations/europe-west3","locationId":"europe-west3","displayName":"Frankfurt"},{"name":"projects/daybreak-3979a/locations/europe-west4","locationId":"europe-west4","displayName":"Netherlands"},{"name":"projects/daybreak-3979a/locations/europe-west6","locationId":"europe-west6","displayName":"Zurich"},{"name":"projects/daybreak-3979a/locations/europe-west8","locationId":"europe-west8","displayName":"Milan"},{"name":"projects/daybreak-3979a/locations/europe-west9","locationId":"europe-west9","displayName":"Paris"},{"name":"projects/daybreak-3979a/locations/me-west1","locationId":"me-west1","displayName":"Tel Aviv"},{"name":"projects/daybreak-3979a/locations/northamerica-northeast1","locationId":"northamerica-northeast1","displayName":"Montréal"},{"name":"projects/daybreak-3979a/locations/northamerica-northeast2","locationId":"northamerica-northeast2","displayName":"Toronto"},{"name":"projects/daybreak-3979a/locations/southamerica-east1","locationId":"southamerica-east1","displayName":"São Paulo"},{"name":"projects/daybreak-3979a/locations/southamerica-west1","locationId":"southamerica-west1","displayName":"Santiago"},{"name":"projects/daybreak-3979a/locations/us-central1","locationId":"us-central1","displayName":"Iowa"},{"name":"projects/daybreak-3979a/locations/us-east1","locationId":"us-east1","displayName":"South Carolina"},{"name":"projects/daybreak-3979a/locations/us-east4","locationId":"us-east4","displayName":"Northern Virginia"},{"name":"projects/daybreak-3979a/locations/us-south1","locationId":"us-south1","displayName":"Dallas"},{"name":"projects/daybreak-3979a/locations/us-west1","locationId":"us-west1","displayName":"Oregon"},{"name":"projects/daybreak-3979a/locations/us-west2","locationId":"us-west2","displayName":"Los Angeles"},{"name":"projects/daybreak-3979a/locations/us-west3","locationId":"us-west3","displayName":"Salt Lake City"},{"name":"projects/daybreak-3979a/locations/us-west4","locationId":"us-west4","displayName":"Las Vegas"}]}
[debug] [2025-06-11T23:44:02.990Z] Checked if tokens are valid: true, expires at: 1749688867964
[debug] [2025-06-11T23:44:02.990Z] Checked if tokens are valid: true, expires at: 1749688867964
[debug] [2025-06-11T23:44:02.990Z] >>> [apiv2][query] GET https://sqladmin.googleapis.com/v1/projects/daybreak-3979a/instances/daybreak-fdc/databases [none]
[debug] [2025-06-11T23:44:03.228Z] <<< [apiv2][status] GET https://sqladmin.googleapis.com/v1/projects/daybreak-3979a/instances/daybreak-fdc/databases 404
[debug] [2025-06-11T23:44:03.228Z] <<< [apiv2][body] GET https://sqladmin.googleapis.com/v1/projects/daybreak-3979a/instances/daybreak-fdc/databases {"error":{"code":404,"message":"Not Found","errors":[{"message":"Not Found","domain":"global","reason":"notFound"}]}}
[debug] [2025-06-11T23:44:03.229Z] [dataconnect] Cannot list databases during init: FirebaseError: Request to https://sqladmin.googleapis.com/v1/projects/daybreak-3979a/instances/daybreak-fdc/databases had HTTP Error: 404, Not Found
[info] +  Wrote dataconnect\dataconnect.yaml 
[info] +  Wrote dataconnect\schema\schema.gql 
[info] +  Wrote dataconnect\connector\connector.yaml 
[info] +  Wrote dataconnect\connector\queries.gql 
[info] +  Wrote dataconnect\connector\mutations.gql 
[debug] [2025-06-11T23:44:17.938Z] Checked if tokens are valid: true, expires at: 1749688867964
[debug] [2025-06-11T23:44:17.938Z] Checked if tokens are valid: true, expires at: 1749688867964
[debug] [2025-06-11T23:44:17.938Z] >>> [apiv2][query] GET https://sqladmin.googleapis.com/v1/projects/daybreak-3979a/instances/daybreak-fdc [none]
[debug] [2025-06-11T23:44:18.308Z] <<< [apiv2][status] GET https://sqladmin.googleapis.com/v1/projects/daybreak-3979a/instances/daybreak-fdc 404
[debug] [2025-06-11T23:44:18.308Z] <<< [apiv2][body] GET https://sqladmin.googleapis.com/v1/projects/daybreak-3979a/instances/daybreak-fdc {"error":{"code":404,"message":"The Cloud SQL instance does not exist.","errors":[{"message":"The Cloud SQL instance does not exist.","domain":"global","reason":"instanceDoesNotExist"}]}}
[warn] !  dataconnect: Cloud SQL instances created via the Firebase CLI do not support customer managed encryption keys.
If you'd like to use a CMEK to encrypt your data, first create a CMEK encrypted instance (https://cloud.google.com/sql/docs/postgres/configure-cmek#createcmekinstance).
Then, edit your `dataconnect.yaml` file to use the encrypted instance and redeploy. 
[info] i  dataconnect: Checking Cloud SQL no cost trial eligibility... 
[debug] [2025-06-11T23:44:18.311Z] Checked if tokens are valid: true, expires at: 1749688867964
[debug] [2025-06-11T23:44:18.312Z] Checked if tokens are valid: true, expires at: 1749688867964
[debug] [2025-06-11T23:44:18.312Z] >>> [apiv2][query] GET https://monitoring.googleapis.com/v3/projects/daybreak-3979a/timeSeries/ filter=metric.type%3D%22serviceruntime.googleapis.com%2Fquota%2Fallocation%2Fusage%22+AND+metric.label.quota_metric+%3D+%22sqladmin.googleapis.com%2Ffdc_lifetime_free_trial_per_project%22&interval.endTime=2025-06-11T23%3A44%3A18.311Z&interval.startTime=2025-06-04T23%3A44%3A18.311Z
[debug] [2025-06-11T23:44:19.282Z] <<< [apiv2][status] GET https://monitoring.googleapis.com/v3/projects/daybreak-3979a/timeSeries/ 200
[debug] [2025-06-11T23:44:19.282Z] <<< [apiv2][body] GET https://monitoring.googleapis.com/v3/projects/daybreak-3979a/timeSeries/ {"unit":"1"}
[info] +  dataconnect: CloudSQL no cost trial available! 
[info] i  dataconnect:  
[debug] [2025-06-11T23:44:19.287Z] Checked if tokens are valid: true, expires at: 1749688867964
[debug] [2025-06-11T23:44:19.287Z] Checked if tokens are valid: true, expires at: 1749688867964
[debug] [2025-06-11T23:44:19.287Z] >>> [apiv2][query] POST https://sqladmin.googleapis.com/v1/projects/daybreak-3979a/instances [none]
[debug] [2025-06-11T23:44:19.287Z] >>> [apiv2][body] POST https://sqladmin.googleapis.com/v1/projects/daybreak-3979a/instances {"name":"daybreak-fdc","region":"us-central1","databaseVersion":"POSTGRES_15","settings":{"tier":"db-f1-micro","edition":"ENTERPRISE","ipConfiguration":{"authorizedNetworks":[]},"enableGoogleMlIntegration":false,"databaseFlags":[{"name":"cloudsql.iam_authentication","value":"on"}],"storageAutoResize":false,"userLabels":{"firebase-data-connect":"ft"},"insightsConfig":{"queryInsightsEnabled":true,"queryPlansPerMinute":5,"queryStringLength":1024}}}
[debug] [2025-06-11T23:44:21.672Z] <<< [apiv2][status] POST https://sqladmin.googleapis.com/v1/projects/daybreak-3979a/instances 200
[debug] [2025-06-11T23:44:21.672Z] <<< [apiv2][body] POST https://sqladmin.googleapis.com/v1/projects/daybreak-3979a/instances {"kind":"sql#operation","targetLink":"https://sqladmin.googleapis.com/v1/projects/daybreak-3979a/instances/daybreak-fdc","status":"PENDING","user":"YUVALf14@gmail.com","insertTime":"2025-06-11T23:44:21.300Z","operationType":"CREATE","name":"03690411-bfb0-4cda-8b07-a34f00000032","targetId":"daybreak-fdc","selfLink":"https://sqladmin.googleapis.com/v1/projects/daybreak-3979a/operations/03690411-bfb0-4cda-8b07-a34f00000032","targetProject":"daybreak-3979a"}
[info] i  dataconnect: Cloud SQL instance creation started - it should be ready shortly. Database and users will be created on your next deploy. 
[info] +  Detected WEB app in directory C:\Users\yuval\Daybreak 
[info] i  Detected react app. Enabling react generated SDKs. 
[info] i  Writing your new SDK configuration to C:\Users\yuval\Daybreak\dataconnect\connector/connector.yaml 
[info] +  Wrote dataconnect\connector\connector.yaml 
[info] i  dataconnect: downloading dataconnect-emulator-2.6.3.exe... {"metadata":{"emulator":{"name":"dataconnect"},"message":"downloading dataconnect-emulator-2.6.3.exe..."}}
[debug] [2025-06-11T23:44:46.327Z] >>> [apiv2][query] GET https://storage.googleapis.com/firemat-preview-drop/emulator/dataconnect-emulator-windows-v2.6.3 
[debug] [2025-06-11T23:44:46.639Z] <<< [apiv2][status] GET https://storage.googleapis.com/firemat-preview-drop/emulator/dataconnect-emulator-windows-v2.6.3 200
[debug] [2025-06-11T23:44:46.639Z] <<< [apiv2][body] GET https://storage.googleapis.com/firemat-preview-drop/emulator/dataconnect-emulator-windows-v2.6.3 [stream]
[debug] [2025-06-11T23:44:54.448Z] defaultcredentials: writing to file C:\Users\yuval\AppData\Roaming\firebase\yuvalf14_gmail_com_application_default_credentials.json
